<?xml version="1.0" encoding="UTF-8"?>
<testng-results ignored="0" total="4" passed="4" failed="0" skipped="0">
  <reporter-output>
  </reporter-output>
  <suite started-at="2025-12-16T17:47:52 IST" name="PetSuite" finished-at="2025-12-16T17:48:05 IST" duration-ms="12985">
    <groups>
    </groups>
    <test started-at="2025-12-16T17:47:52 IST" name="PetTest" finished-at="2025-12-16T17:48:05 IST" duration-ms="12985">
      <class name="api.test.UserTests2">
        <test-method is-config="true" signature="setupData()[pri:0, instance:api.test.UserTests2@4d0d9fe7]" started-at="2025-12-16T17:47:53 IST" name="setupData" finished-at="2025-12-16T17:47:54 IST" duration-ms="1265" status="PASS">
          <reporter-output>
          </reporter-output>
        </test-method> <!-- setupData -->
        <test-method signature="testPostUser()[pri:1, instance:api.test.UserTests2@4d0d9fe7]" started-at="2025-12-16T17:47:54 IST" name="testPostUser" finished-at="2025-12-16T17:47:58 IST" duration-ms="4377" status="PASS">
          <reporter-output>
          </reporter-output>
        </test-method> <!-- testPostUser -->
        <test-method signature="testgetUserByName()[pri:2, instance:api.test.UserTests2@4d0d9fe7]" started-at="2025-12-16T17:47:59 IST" name="testgetUserByName" finished-at="2025-12-16T17:48:00 IST" duration-ms="1796" status="PASS">
          <reporter-output>
          </reporter-output>
        </test-method> <!-- testgetUserByName -->
        <test-method signature="testUpdateUserByName()[pri:3, instance:api.test.UserTests2@4d0d9fe7]" started-at="2025-12-16T17:48:00 IST" name="testUpdateUserByName" finished-at="2025-12-16T17:48:04 IST" duration-ms="3471" status="PASS">
          <reporter-output>
          </reporter-output>
        </test-method> <!-- testUpdateUserByName -->
        <test-method signature="testDeleteUserByName()[pri:4, instance:api.test.UserTests2@4d0d9fe7]" started-at="2025-12-16T17:48:04 IST" name="testDeleteUserByName" finished-at="2025-12-16T17:48:05 IST" duration-ms="1610" status="PASS">
          <reporter-output>
          </reporter-output>
        </test-method> <!-- testDeleteUserByName -->
      </class> <!-- api.test.UserTests2 -->
    </test> <!-- PetTest -->
  </suite> <!-- PetSuite -->
</testng-results>
