<?xml version="1.0" encoding="UTF-8"?>
<!-- Generated by org.testng.reporters.JUnitXMLReporter -->
<testsuite ignored="0" hostname="Nagaraju" failures="0" tests="4" name="PetTest" time="9.828" errors="0" timestamp="2025-12-18T12:11:28 IST">
  <testcase classname="api.test.UserTests2" name="testPostUser" time="2.956"/>
  <testcase classname="api.test.UserTests2" name="testgetUserByName" time="1.259"/>
  <testcase classname="api.test.UserTests2" name="testUpdateUserByName" time="3.232"/>
  <testcase classname="api.test.UserTests2" name="testDeleteUserByName" time="1.478"/>
</testsuite> <!-- PetTest -->
