<?xml version="1.0" encoding="UTF-8"?>
<!-- Generated by org.testng.reporters.JUnitReportReporter -->
<testsuite hostname="Nagaraju" failures="0" tests="4" name="api.test.UserTests2" time="11.254" errors="0" timestamp="2025-12-16T17:48:07 IST" skipped="0">
  <testcase classname="api.test.UserTests2" name="testPostUser" time="4.377"/>
  <testcase classname="api.test.UserTests2" name="testgetUserByName" time="1.796"/>
  <testcase classname="api.test.UserTests2" name="testUpdateUserByName" time="3.471"/>
  <testcase classname="api.test.UserTests2" name="testDeleteUserByName" time="1.610"/>
</testsuite> <!-- api.test.UserTests2 -->
