<?xml version="1.0" encoding="UTF-8"?>
<!-- Generated by org.testng.reporters.JUnitReportReporter -->
<testsuite hostname="Nagaraju" failures="0" tests="4" name="api.test.UserTests" time="13.101" errors="0" timestamp="2025-12-16T12:12:17 IST" skipped="0">
  <testcase classname="api.test.UserTests" name="testPostUser" time="3.756"/>
  <testcase classname="api.test.UserTests" name="testgetUserByName" time="2.048"/>
  <testcase classname="api.test.UserTests" name="testUpdateUserByName" time="3.927"/>
  <testcase classname="api.test.UserTests" name="testDeleteUserByName" time="3.370"/>
</testsuite> <!-- api.test.UserTests -->
