<?xml version="1.0" encoding="UTF-8"?>
<!-- Generated by org.testng.reporters.JUnitReportReporter -->
<testsuite hostname="Nagaraju" failures="0" tests="4" name="api.test.UserTests2" time="8.925" errors="0" timestamp="2025-12-18T12:11:28 IST" skipped="0">
  <testcase classname="api.test.UserTests2" name="testPostUser" time="2.956"/>
  <testcase classname="api.test.UserTests2" name="testgetUserByName" time="1.259"/>
  <testcase classname="api.test.UserTests2" name="testUpdateUserByName" time="3.232"/>
  <testcase classname="api.test.UserTests2" name="testDeleteUserByName" time="1.478"/>
</testsuite> <!-- api.test.UserTests2 -->
