<?xml version="1.0" encoding="UTF-8"?>
<!-- Generated by org.testng.reporters.JUnitXMLReporter -->
<testsuite ignored="0" hostname="Nagaraju" failures="0" tests="4" name="PetTest" time="12.985" errors="0" timestamp="2025-12-16T17:48:07 IST">
  <testcase classname="api.test.UserTests2" name="testPostUser" time="4.377"/>
  <testcase classname="api.test.UserTests2" name="testgetUserByName" time="1.796"/>
  <testcase classname="api.test.UserTests2" name="testUpdateUserByName" time="3.471"/>
  <testcase classname="api.test.UserTests2" name="testDeleteUserByName" time="1.61"/>
</testsuite> <!-- PetTest -->
